<?xml version="1.0" encoding="utf-8"?><testsuites><testsuite name="pytest" errors="0" failures="0" skipped="0" tests="5" time="0.199" timestamp="2023-04-24T16:11:15.053783" hostname="Bruno-Oliveira-Qyon"><testcase classname="tests.test_bytebank.TestClass" name="test_quando_idade_recebe_13_03_2000_retorna_22" time="0.006" /><testcase classname="tests.test_bytebank.TestClass" name="test_quando_sobrenome_Lucas_Carvalho_retorna_Carvalho" time="0.001" /><testcase classname="tests.test_bytebank.TestClass" name="test_quando_decrescimo_salario_recebe_100000_deve_retornar_90000" time="0.004" /><testcase classname="tests.test_bytebank.TestClass" name="test_quando_calcular_bonus_recebe_1000_deve_retornar_100" time="0.001" /><testcase classname="tests.test_bytebank.TestClass" name="test_quando_calcular_bonus_recebe_100000_deve_retornar_exception" time="0.002" /></testsuite></testsuites>